Analysis & Synthesis report for CalculadoraDigital
Tue Oct 10 21:29:02 2023
Quartus II 64-Bit Version 13.0.1 Build 232 06/12/2013 Service Pack 1 SJ Web Edition


---------------------
; Table of Contents ;
---------------------
  1. Legal Notice
  2. Analysis & Synthesis Summary
  3. Analysis & Synthesis Settings
  4. Parallel Compilation
  5. Analysis & Synthesis Source Files Read
  6. Analysis & Synthesis Resource Usage Summary
  7. Analysis & Synthesis Resource Utilization by Entity
  8. General Register Statistics
  9. Inverted Register Statistics
 10. Multiplexer Restructuring Statistics (Restructuring Performed)
 11. Parameter Settings for Inferred Entity Instance: ula:inst4|lpm_mult:Mult0
 12. lpm_mult Parameter Settings by Entity Instance
 13. Port Connectivity Checks: "ula:inst4|mux4:muxUla"
 14. Port Connectivity Checks: "teclado:inst|controlador:U0|Debouncer:d3"
 15. Port Connectivity Checks: "teclado:inst|controlador:U0|Debouncer:d2"
 16. Port Connectivity Checks: "teclado:inst|controlador:U0|Debouncer:d1"
 17. Port Connectivity Checks: "teclado:inst|controlador:U0|Debouncer:d0"
 18. Elapsed Time Per Partition
 19. Analysis & Synthesis Messages



----------------
; Legal Notice ;
----------------
Copyright (C) 1991-2013 Altera Corporation
Your use of Altera Corporation's design tools, logic functions 
and other software and tools, and its AMPP partner logic 
functions, and any output files from any of the foregoing 
(including device programming or simulation files), and any 
associated documentation or information are expressly subject 
to the terms and conditions of the Altera Program License 
Subscription Agreement, Altera MegaCore Function License 
Agreement, or other applicable license agreement, including, 
without limitation, that your use is for the sole purpose of 
programming logic devices manufactured by Altera and sold by 
Altera or its authorized distributors.  Please refer to the 
applicable agreement for further details.



+--------------------------------------------------------------------------------------+
; Analysis & Synthesis Summary                                                         ;
+------------------------------------+-------------------------------------------------+
; Analysis & Synthesis Status        ; Successful - Tue Oct 10 21:29:01 2023           ;
; Quartus II 64-Bit Version          ; 13.0.1 Build 232 06/12/2013 SP 1 SJ Web Edition ;
; Revision Name                      ; CalculadoraDigital                              ;
; Top-level Entity Name              ; CalculadoraDigital                              ;
; Family                             ; Cyclone II                                      ;
; Total logic elements               ; 375                                             ;
;     Total combinational functions  ; 357                                             ;
;     Dedicated logic registers      ; 150                                             ;
; Total registers                    ; 150                                             ;
; Total pins                         ; 129                                             ;
; Total virtual pins                 ; 0                                               ;
; Total memory bits                  ; 0                                               ;
; Embedded Multiplier 9-bit elements ; 0                                               ;
; Total PLLs                         ; 0                                               ;
+------------------------------------+-------------------------------------------------+


+----------------------------------------------------------------------------------------------------------------------+
; Analysis & Synthesis Settings                                                                                        ;
+----------------------------------------------------------------------------+--------------------+--------------------+
; Option                                                                     ; Setting            ; Default Value      ;
+----------------------------------------------------------------------------+--------------------+--------------------+
; Device                                                                     ; EP2C70F896C6       ;                    ;
; Top-level entity name                                                      ; CalculadoraDigital ; CalculadoraDigital ;
; Family name                                                                ; Cyclone II         ; Cyclone IV GX      ;
; Verilog Show LMF Mapping Messages                                          ; Off                ;                    ;
; Verilog Version                                                            ; SystemVerilog_2005 ; Verilog_2001       ;
; Use smart compilation                                                      ; Off                ; Off                ;
; Enable parallel Assembler and TimeQuest Timing Analyzer during compilation ; On                 ; On                 ;
; Enable compact report table                                                ; Off                ; Off                ;
; Restructure Multiplexers                                                   ; Auto               ; Auto               ;
; Create Debugging Nodes for IP Cores                                        ; Off                ; Off                ;
; Preserve fewer node names                                                  ; On                 ; On                 ;
; Disable OpenCore Plus hardware evaluation                                  ; Off                ; Off                ;
; VHDL Version                                                               ; VHDL_1993          ; VHDL_1993          ;
; State Machine Processing                                                   ; Auto               ; Auto               ;
; Safe State Machine                                                         ; Off                ; Off                ;
; Extract Verilog State Machines                                             ; On                 ; On                 ;
; Extract VHDL State Machines                                                ; On                 ; On                 ;
; Ignore Verilog initial constructs                                          ; Off                ; Off                ;
; Iteration limit for constant Verilog loops                                 ; 5000               ; 5000               ;
; Iteration limit for non-constant Verilog loops                             ; 250                ; 250                ;
; Add Pass-Through Logic to Inferred RAMs                                    ; On                 ; On                 ;
; Infer RAMs from Raw Logic                                                  ; On                 ; On                 ;
; Parallel Synthesis                                                         ; On                 ; On                 ;
; DSP Block Balancing                                                        ; Auto               ; Auto               ;
; NOT Gate Push-Back                                                         ; On                 ; On                 ;
; Power-Up Don't Care                                                        ; On                 ; On                 ;
; Remove Redundant Logic Cells                                               ; Off                ; Off                ;
; Remove Duplicate Registers                                                 ; On                 ; On                 ;
; Ignore CARRY Buffers                                                       ; Off                ; Off                ;
; Ignore CASCADE Buffers                                                     ; Off                ; Off                ;
; Ignore GLOBAL Buffers                                                      ; Off                ; Off                ;
; Ignore ROW GLOBAL Buffers                                                  ; Off                ; Off                ;
; Ignore LCELL Buffers                                                       ; Off                ; Off                ;
; Ignore SOFT Buffers                                                        ; On                 ; On                 ;
; Limit AHDL Integers to 32 Bits                                             ; Off                ; Off                ;
; Optimization Technique                                                     ; Balanced           ; Balanced           ;
; Carry Chain Length                                                         ; 70                 ; 70                 ;
; Auto Carry Chains                                                          ; On                 ; On                 ;
; Auto Open-Drain Pins                                                       ; On                 ; On                 ;
; Perform WYSIWYG Primitive Resynthesis                                      ; Off                ; Off                ;
; Auto ROM Replacement                                                       ; On                 ; On                 ;
; Auto RAM Replacement                                                       ; On                 ; On                 ;
; Auto Shift Register Replacement                                            ; Auto               ; Auto               ;
; Allow Shift Register Merging across Hierarchies                            ; Auto               ; Auto               ;
; Auto Clock Enable Replacement                                              ; On                 ; On                 ;
; Strict RAM Replacement                                                     ; Off                ; Off                ;
; Allow Synchronous Control Signals                                          ; On                 ; On                 ;
; Force Use of Synchronous Clear Signals                                     ; Off                ; Off                ;
; Auto RAM to Logic Cell Conversion                                          ; Off                ; Off                ;
; Auto Resource Sharing                                                      ; Off                ; Off                ;
; Allow Any RAM Size For Recognition                                         ; Off                ; Off                ;
; Allow Any ROM Size For Recognition                                         ; Off                ; Off                ;
; Allow Any Shift Register Size For Recognition                              ; Off                ; Off                ;
; Use LogicLock Constraints during Resource Balancing                        ; On                 ; On                 ;
; Ignore translate_off and synthesis_off directives                          ; Off                ; Off                ;
; Timing-Driven Synthesis                                                    ; Off                ; Off                ;
; Report Parameter Settings                                                  ; On                 ; On                 ;
; Report Source Assignments                                                  ; On                 ; On                 ;
; Report Connectivity Checks                                                 ; On                 ; On                 ;
; Ignore Maximum Fan-Out Assignments                                         ; Off                ; Off                ;
; Synchronization Register Chain Length                                      ; 2                  ; 2                  ;
; PowerPlay Power Optimization                                               ; Normal compilation ; Normal compilation ;
; HDL message level                                                          ; Level2             ; Level2             ;
; Suppress Register Optimization Related Messages                            ; Off                ; Off                ;
; Number of Removed Registers Reported in Synthesis Report                   ; 5000               ; 5000               ;
; Number of Swept Nodes Reported in Synthesis Report                         ; 5000               ; 5000               ;
; Number of Inverted Registers Reported in Synthesis Report                  ; 100                ; 100                ;
; Clock MUX Protection                                                       ; On                 ; On                 ;
; Auto Gated Clock Conversion                                                ; Off                ; Off                ;
; Block Design Naming                                                        ; Auto               ; Auto               ;
; SDC constraint protection                                                  ; Off                ; Off                ;
; Synthesis Effort                                                           ; Auto               ; Auto               ;
; Shift Register Replacement - Allow Asynchronous Clear Signal               ; On                 ; On                 ;
; Pre-Mapping Resynthesis Optimization                                       ; Off                ; Off                ;
; Analysis & Synthesis Message Level                                         ; Medium             ; Medium             ;
; Disable Register Merging Across Hierarchies                                ; Auto               ; Auto               ;
; Resource Aware Inference For Block RAM                                     ; On                 ; On                 ;
; Synthesis Seed                                                             ; 1                  ; 1                  ;
+----------------------------------------------------------------------------+--------------------+--------------------+


Parallel compilation was disabled, but you have multiple processors available. Enable parallel compilation to reduce compilation time.
+-------------------------------------+
; Parallel Compilation                ;
+----------------------------+--------+
; Processors                 ; Number ;
+----------------------------+--------+
; Number detected on machine ; 8      ;
; Maximum allowed            ; 1      ;
+----------------------------+--------+


+--------------------------------------------------------------------------------------------------------------------------------------------------------------------------------------------+
; Analysis & Synthesis Source Files Read                                                                                                                                                     ;
+----------------------------------+-----------------+------------------------------------+----------------------------------------------------------------------------------------+---------+
; File Name with User-Entered Path ; Used in Netlist ; File Type                          ; File Name with Absolute Path                                                           ; Library ;
+----------------------------------+-----------------+------------------------------------+----------------------------------------------------------------------------------------+---------+
; controlador_teclado.sv           ; yes             ; User SystemVerilog HDL File        ; C:/dev/GitHub/Calculadora-Digital/CalculadoraDigital_GrupoC6/controlador_teclado.sv    ;         ;
; ula.sv                           ; yes             ; User SystemVerilog HDL File        ; C:/dev/GitHub/Calculadora-Digital/CalculadoraDigital_GrupoC6/ula.sv                    ;         ;
; maq_estados.bdf                  ; yes             ; User Block Diagram/Schematic File  ; C:/dev/GitHub/Calculadora-Digital/CalculadoraDigital_GrupoC6/maq_estados.bdf           ;         ;
; decoder7.sv                      ; yes             ; User SystemVerilog HDL File        ; C:/dev/GitHub/Calculadora-Digital/CalculadoraDigital_GrupoC6/decoder7.sv               ;         ;
; CalculadoraDigital.bdf           ; yes             ; User Block Diagram/Schematic File  ; C:/dev/GitHub/Calculadora-Digital/CalculadoraDigital_GrupoC6/CalculadoraDigital.bdf    ;         ;
; reg4bits.bdf                     ; yes             ; User Block Diagram/Schematic File  ; C:/dev/GitHub/Calculadora-Digital/CalculadoraDigital_GrupoC6/reg4bits.bdf              ;         ;
; Transformador_operacao.sv        ; yes             ; User SystemVerilog HDL File        ; C:/dev/GitHub/Calculadora-Digital/CalculadoraDigital_GrupoC6/Transformador_operacao.sv ;         ;
; DoubleDabble.sv                  ; yes             ; User SystemVerilog HDL File        ; C:/dev/GitHub/Calculadora-Digital/CalculadoraDigital_GrupoC6/DoubleDabble.sv           ;         ;
; calculoModulo.sv                 ; yes             ; User SystemVerilog HDL File        ; C:/dev/GitHub/Calculadora-Digital/CalculadoraDigital_GrupoC6/calculoModulo.sv          ;         ;
; decod_sinal.sv                   ; yes             ; User SystemVerilog HDL File        ; C:/dev/GitHub/Calculadora-Digital/CalculadoraDigital_GrupoC6/decod_sinal.sv            ;         ;
; solucao_pro_D.sv                 ; yes             ; User SystemVerilog HDL File        ; C:/dev/GitHub/Calculadora-Digital/CalculadoraDigital_GrupoC6/solucao_pro_D.sv          ;         ;
; lpm_mult.tdf                     ; yes             ; Megafunction                       ; c:/altera/13.0sp1/quartus/libraries/megafunctions/lpm_mult.tdf                         ;         ;
; aglobal130.inc                   ; yes             ; Megafunction                       ; c:/altera/13.0sp1/quartus/libraries/megafunctions/aglobal130.inc                       ;         ;
; lpm_add_sub.inc                  ; yes             ; Megafunction                       ; c:/altera/13.0sp1/quartus/libraries/megafunctions/lpm_add_sub.inc                      ;         ;
; multcore.inc                     ; yes             ; Megafunction                       ; c:/altera/13.0sp1/quartus/libraries/megafunctions/multcore.inc                         ;         ;
; bypassff.inc                     ; yes             ; Megafunction                       ; c:/altera/13.0sp1/quartus/libraries/megafunctions/bypassff.inc                         ;         ;
; altshift.inc                     ; yes             ; Megafunction                       ; c:/altera/13.0sp1/quartus/libraries/megafunctions/altshift.inc                         ;         ;
; db/mult_14t.tdf                  ; yes             ; Auto-Generated Megafunction        ; C:/dev/GitHub/Calculadora-Digital/CalculadoraDigital_GrupoC6/db/mult_14t.tdf           ;         ;
+----------------------------------+-----------------+------------------------------------+----------------------------------------------------------------------------------------+---------+


+--------------------------------------------------------+
; Analysis & Synthesis Resource Usage Summary            ;
+---------------------------------------------+----------+
; Resource                                    ; Usage    ;
+---------------------------------------------+----------+
; Estimated Total logic elements              ; 375      ;
;                                             ;          ;
; Total combinational functions               ; 357      ;
; Logic element usage by number of LUT inputs ;          ;
;     -- 4 input functions                    ; 89       ;
;     -- 3 input functions                    ; 126      ;
;     -- <=2 input functions                  ; 142      ;
;                                             ;          ;
; Logic elements by mode                      ;          ;
;     -- normal mode                          ; 223      ;
;     -- arithmetic mode                      ; 134      ;
;                                             ;          ;
; Total registers                             ; 150      ;
;     -- Dedicated logic registers            ; 150      ;
;     -- I/O registers                        ; 0        ;
;                                             ;          ;
; I/O pins                                    ; 129      ;
; Embedded Multiplier 9-bit elements          ; 0        ;
; Maximum fan-out node                        ; CLOCK_50 ;
; Maximum fan-out                             ; 148      ;
; Total fan-out                               ; 1514     ;
; Average fan-out                             ; 2.38     ;
+---------------------------------------------+----------+


+--------------------------------------------------------------------------------------------------------------------------------------------------------------------------------------------------------------------------------------+
; Analysis & Synthesis Resource Utilization by Entity                                                                                                                                                                                  ;
+------------------------------------+-------------------+--------------+-------------+--------------+---------+-----------+------+--------------+----------------------------------------------------------------------+--------------+
; Compilation Hierarchy Node         ; LC Combinationals ; LC Registers ; Memory Bits ; DSP Elements ; DSP 9x9 ; DSP 18x18 ; Pins ; Virtual Pins ; Full Hierarchy Name                                                  ; Library Name ;
+------------------------------------+-------------------+--------------+-------------+--------------+---------+-----------+------+--------------+----------------------------------------------------------------------+--------------+
; |CalculadoraDigital                ; 357 (0)           ; 150 (0)      ; 0           ; 0            ; 0       ; 0         ; 129  ; 0            ; |CalculadoraDigital                                                  ; work         ;
;    |decod_2:inst10|                ; 1 (1)             ; 0 (0)        ; 0           ; 0            ; 0       ; 0         ; 0    ; 0            ; |CalculadoraDigital|decod_2:inst10                                   ; work         ;
;    |decoder7:bcd_maior|            ; 7 (7)             ; 0 (0)        ; 0           ; 0            ; 0       ; 0         ; 0    ; 0            ; |CalculadoraDigital|decoder7:bcd_maior                               ; work         ;
;    |decoder7:bcd_menor|            ; 7 (7)             ; 0 (0)        ; 0           ; 0            ; 0       ; 0         ; 0    ; 0            ; |CalculadoraDigital|decoder7:bcd_menor                               ; work         ;
;    |decoder7:inst11|               ; 7 (7)             ; 0 (0)        ; 0           ; 0            ; 0       ; 0         ; 0    ; 0            ; |CalculadoraDigital|decoder7:inst11                                  ; work         ;
;    |decoder7:inst12|               ; 7 (7)             ; 0 (0)        ; 0           ; 0            ; 0       ; 0         ; 0    ; 0            ; |CalculadoraDigital|decoder7:inst12                                  ; work         ;
;    |demux4_4bits:inst2|            ; 3 (3)             ; 0 (0)        ; 0           ; 0            ; 0       ; 0         ; 0    ; 0            ; |CalculadoraDigital|demux4_4bits:inst2                               ; work         ;
;    |doubleDabble:inst6|            ; 23 (23)           ; 0 (0)        ; 0           ; 0            ; 0       ; 0         ; 0    ; 0            ; |CalculadoraDigital|doubleDabble:inst6                               ; work         ;
;    |maq_estados:inst7|             ; 2 (2)             ; 2 (2)        ; 0           ; 0            ; 0       ; 0         ; 0    ; 0            ; |CalculadoraDigital|maq_estados:inst7                                ; work         ;
;    |modulo_num:inst5|              ; 15 (15)           ; 0 (0)        ; 0           ; 0            ; 0       ; 0         ; 0    ; 0            ; |CalculadoraDigital|modulo_num:inst5                                 ; work         ;
;    |reg4bits:num1|                 ; 0 (0)             ; 4 (4)        ; 0           ; 0            ; 0       ; 0         ; 0    ; 0            ; |CalculadoraDigital|reg4bits:num1                                    ; work         ;
;    |reg4bits:num2|                 ; 0 (0)             ; 4 (4)        ; 0           ; 0            ; 0       ; 0         ; 0    ; 0            ; |CalculadoraDigital|reg4bits:num2                                    ; work         ;
;    |reg4bits:operacao|             ; 0 (0)             ; 4 (4)        ; 0           ; 0            ; 0       ; 0         ; 0    ; 0            ; |CalculadoraDigital|reg4bits:operacao                                ; work         ;
;    |reg4bits:result_maior|         ; 1 (1)             ; 4 (4)        ; 0           ; 0            ; 0       ; 0         ; 0    ; 0            ; |CalculadoraDigital|reg4bits:result_maior                            ; work         ;
;    |reg4bits:result_menor|         ; 5 (5)             ; 4 (4)        ; 0           ; 0            ; 0       ; 0         ; 0    ; 0            ; |CalculadoraDigital|reg4bits:result_menor                            ; work         ;
;    |seletor_clock:inst3|           ; 7 (7)             ; 0 (0)        ; 0           ; 0            ; 0       ; 0         ; 0    ; 0            ; |CalculadoraDigital|seletor_clock:inst3                              ; work         ;
;    |teclado:inst|                  ; 227 (0)           ; 128 (0)      ; 0           ; 0            ; 0       ; 0         ; 0    ; 0            ; |CalculadoraDigital|teclado:inst                                     ; work         ;
;       |controlador:U0|             ; 227 (59)          ; 128 (40)     ; 0           ; 0            ; 0       ; 0         ; 0    ; 0            ; |CalculadoraDigital|teclado:inst|controlador:U0                      ; work         ;
;          |Debouncer:d0|            ; 42 (42)           ; 22 (22)      ; 0           ; 0            ; 0       ; 0         ; 0    ; 0            ; |CalculadoraDigital|teclado:inst|controlador:U0|Debouncer:d0         ; work         ;
;          |Debouncer:d1|            ; 42 (42)           ; 22 (22)      ; 0           ; 0            ; 0       ; 0         ; 0    ; 0            ; |CalculadoraDigital|teclado:inst|controlador:U0|Debouncer:d1         ; work         ;
;          |Debouncer:d2|            ; 42 (42)           ; 22 (22)      ; 0           ; 0            ; 0       ; 0         ; 0    ; 0            ; |CalculadoraDigital|teclado:inst|controlador:U0|Debouncer:d2         ; work         ;
;          |Debouncer:d3|            ; 42 (42)           ; 22 (22)      ; 0           ; 0            ; 0       ; 0         ; 0    ; 0            ; |CalculadoraDigital|teclado:inst|controlador:U0|Debouncer:d3         ; work         ;
;    |transformador_operacao:inst1|  ; 2 (2)             ; 0 (0)        ; 0           ; 0            ; 0       ; 0         ; 0    ; 0            ; |CalculadoraDigital|transformador_operacao:inst1                     ; work         ;
;    |ula:inst4|                     ; 43 (5)            ; 0 (0)        ; 0           ; 0            ; 0       ; 0         ; 0    ; 0            ; |CalculadoraDigital|ula:inst4                                        ; work         ;
;       |lpm_mult:Mult0|             ; 30 (0)            ; 0 (0)        ; 0           ; 0            ; 0       ; 0         ; 0    ; 0            ; |CalculadoraDigital|ula:inst4|lpm_mult:Mult0                         ; work         ;
;          |mult_14t:auto_generated| ; 30 (30)           ; 0 (0)        ; 0           ; 0            ; 0       ; 0         ; 0    ; 0            ; |CalculadoraDigital|ula:inst4|lpm_mult:Mult0|mult_14t:auto_generated ; work         ;
;       |mux4:muxUla|                ; 8 (8)             ; 0 (0)        ; 0           ; 0            ; 0       ; 0         ; 0    ; 0            ; |CalculadoraDigital|ula:inst4|mux4:muxUla                            ; work         ;
+------------------------------------+-------------------+--------------+-------------+--------------+---------+-----------+------+--------------+----------------------------------------------------------------------+--------------+
Note: For table entries with two numbers listed, the numbers in parentheses indicate the number of resources of the given type used by the specific entity alone. The numbers listed outside of parentheses indicate the total resources of the given type used by the specific entity and all of its sub-entities in the hierarchy.


+------------------------------------------------------+
; General Register Statistics                          ;
+----------------------------------------------+-------+
; Statistic                                    ; Value ;
+----------------------------------------------+-------+
; Total registers                              ; 150   ;
; Number of registers using Synchronous Clear  ; 37    ;
; Number of registers using Synchronous Load   ; 5     ;
; Number of registers using Asynchronous Clear ; 22    ;
; Number of registers using Asynchronous Load  ; 0     ;
; Number of registers using Clock Enable       ; 104   ;
; Number of registers using Preset             ; 0     ;
+----------------------------------------------+-------+


+--------------------------------------------------+
; Inverted Register Statistics                     ;
+----------------------------------------+---------+
; Inverted Register                      ; Fan out ;
+----------------------------------------+---------+
; teclado:inst|controlador:U0|linha[0]   ; 4       ;
; Total number of inverted registers = 1 ;         ;
+----------------------------------------+---------+


+----------------------------------------------------------------------------------------------------------------------------------------------------------------------------------------+
; Multiplexer Restructuring Statistics (Restructuring Performed)                                                                                                                         ;
+--------------------+-----------+---------------+----------------------+------------------------+------------+--------------------------------------------------------------------------+
; Multiplexer Inputs ; Bus Width ; Baseline Area ; Area if Restructured ; Saving if Restructured ; Registered ; Example Multiplexer Output                                               ;
+--------------------+-----------+---------------+----------------------+------------------------+------------+--------------------------------------------------------------------------+
; 4:1                ; 5 bits    ; 10 LEs        ; 10 LEs               ; 0 LEs                  ; Yes        ; |CalculadoraDigital|reg4bits:result_menor|inst2                          ;
; 3:1                ; 3 bits    ; 6 LEs         ; 6 LEs                ; 0 LEs                  ; Yes        ; |CalculadoraDigital|reg4bits:result_maior|inst3                          ;
; 3:1                ; 19 bits   ; 38 LEs        ; 19 LEs               ; 19 LEs                 ; Yes        ; |CalculadoraDigital|teclado:inst|controlador:U0|Debouncer:d0|Counter[16] ;
; 3:1                ; 19 bits   ; 38 LEs        ; 19 LEs               ; 19 LEs                 ; Yes        ; |CalculadoraDigital|teclado:inst|controlador:U0|Debouncer:d1|Counter[7]  ;
; 3:1                ; 19 bits   ; 38 LEs        ; 19 LEs               ; 19 LEs                 ; Yes        ; |CalculadoraDigital|teclado:inst|controlador:U0|Debouncer:d2|Counter[18] ;
; 3:1                ; 19 bits   ; 38 LEs        ; 19 LEs               ; 19 LEs                 ; Yes        ; |CalculadoraDigital|teclado:inst|controlador:U0|Debouncer:d3|Counter[13] ;
; 256:1              ; 4 bits    ; 680 LEs       ; 40 LEs               ; 640 LEs                ; Yes        ; |CalculadoraDigital|teclado:inst|controlador:U0|tecla[0]                 ;
+--------------------+-----------+---------------+----------------------+------------------------+------------+--------------------------------------------------------------------------+


+-----------------------------------------------------------------------------------+
; Parameter Settings for Inferred Entity Instance: ula:inst4|lpm_mult:Mult0         ;
+------------------------------------------------+------------+---------------------+
; Parameter Name                                 ; Value      ; Type                ;
+------------------------------------------------+------------+---------------------+
; AUTO_CARRY_CHAINS                              ; ON         ; AUTO_CARRY          ;
; IGNORE_CARRY_BUFFERS                           ; OFF        ; IGNORE_CARRY        ;
; AUTO_CASCADE_CHAINS                            ; ON         ; AUTO_CASCADE        ;
; IGNORE_CASCADE_BUFFERS                         ; OFF        ; IGNORE_CASCADE      ;
; LPM_WIDTHA                                     ; 4          ; Untyped             ;
; LPM_WIDTHB                                     ; 4          ; Untyped             ;
; LPM_WIDTHP                                     ; 8          ; Untyped             ;
; LPM_WIDTHR                                     ; 8          ; Untyped             ;
; LPM_WIDTHS                                     ; 1          ; Untyped             ;
; LPM_REPRESENTATION                             ; UNSIGNED   ; Untyped             ;
; LPM_PIPELINE                                   ; 0          ; Untyped             ;
; LATENCY                                        ; 0          ; Untyped             ;
; INPUT_A_IS_CONSTANT                            ; NO         ; Untyped             ;
; INPUT_B_IS_CONSTANT                            ; NO         ; Untyped             ;
; USE_EAB                                        ; OFF        ; Untyped             ;
; MAXIMIZE_SPEED                                 ; 5          ; Untyped             ;
; DEVICE_FAMILY                                  ; Cyclone II ; Untyped             ;
; CARRY_CHAIN                                    ; MANUAL     ; Untyped             ;
; APEX20K_TECHNOLOGY_MAPPER                      ; LUT        ; TECH_MAPPER_APEX20K ;
; DEDICATED_MULTIPLIER_CIRCUITRY                 ; AUTO       ; Untyped             ;
; DEDICATED_MULTIPLIER_MIN_INPUT_WIDTH_FOR_AUTO  ; 0          ; Untyped             ;
; DEDICATED_MULTIPLIER_MIN_OUTPUT_WIDTH_FOR_AUTO ; 0          ; Untyped             ;
; CBXI_PARAMETER                                 ; mult_14t   ; Untyped             ;
; INPUT_A_FIXED_VALUE                            ; Bx         ; Untyped             ;
; INPUT_B_FIXED_VALUE                            ; Bx         ; Untyped             ;
; USE_AHDL_IMPLEMENTATION                        ; OFF        ; Untyped             ;
+------------------------------------------------+------------+---------------------+
Note: In order to hide this table in the UI and the text report file, please set the "Show Parameter Settings in Synthesis Report" option in "Analysis and Synthesis Settings -> More Settings" to "Off".


+------------------------------------------------------------------+
; lpm_mult Parameter Settings by Entity Instance                   ;
+---------------------------------------+--------------------------+
; Name                                  ; Value                    ;
+---------------------------------------+--------------------------+
; Number of entity instances            ; 1                        ;
; Entity Instance                       ; ula:inst4|lpm_mult:Mult0 ;
;     -- LPM_WIDTHA                     ; 4                        ;
;     -- LPM_WIDTHB                     ; 4                        ;
;     -- LPM_WIDTHP                     ; 8                        ;
;     -- LPM_REPRESENTATION             ; UNSIGNED                 ;
;     -- INPUT_A_IS_CONSTANT            ; NO                       ;
;     -- INPUT_B_IS_CONSTANT            ; NO                       ;
;     -- USE_EAB                        ; OFF                      ;
;     -- DEDICATED_MULTIPLIER_CIRCUITRY ; AUTO                     ;
;     -- INPUT_A_FIXED_VALUE            ; Bx                       ;
;     -- INPUT_B_FIXED_VALUE            ; Bx                       ;
+---------------------------------------+--------------------------+


+---------------------------------------------------+
; Port Connectivity Checks: "ula:inst4|mux4:muxUla" ;
+----------+-------+----------+---------------------+
; Port     ; Type  ; Severity ; Details             ;
+----------+-------+----------+---------------------+
; d0       ; Input ; Info     ; Stuck at GND        ;
; d1[7..5] ; Input ; Info     ; Stuck at GND        ;
+----------+-------+----------+---------------------+


+----------------------------------------------------------------------+
; Port Connectivity Checks: "teclado:inst|controlador:U0|Debouncer:d3" ;
+--------+--------+----------+-----------------------------------------+
; Port   ; Type   ; Severity ; Details                                 ;
+--------+--------+----------+-----------------------------------------+
; oPulse ; Output ; Info     ; Explicitly unconnected                  ;
+--------+--------+----------+-----------------------------------------+


+----------------------------------------------------------------------+
; Port Connectivity Checks: "teclado:inst|controlador:U0|Debouncer:d2" ;
+--------+--------+----------+-----------------------------------------+
; Port   ; Type   ; Severity ; Details                                 ;
+--------+--------+----------+-----------------------------------------+
; oPulse ; Output ; Info     ; Explicitly unconnected                  ;
+--------+--------+----------+-----------------------------------------+


+----------------------------------------------------------------------+
; Port Connectivity Checks: "teclado:inst|controlador:U0|Debouncer:d1" ;
+--------+--------+----------+-----------------------------------------+
; Port   ; Type   ; Severity ; Details                                 ;
+--------+--------+----------+-----------------------------------------+
; oPulse ; Output ; Info     ; Explicitly unconnected                  ;
+--------+--------+----------+-----------------------------------------+


+----------------------------------------------------------------------+
; Port Connectivity Checks: "teclado:inst|controlador:U0|Debouncer:d0" ;
+--------+--------+----------+-----------------------------------------+
; Port   ; Type   ; Severity ; Details                                 ;
+--------+--------+----------+-----------------------------------------+
; oPulse ; Output ; Info     ; Explicitly unconnected                  ;
+--------+--------+----------+-----------------------------------------+


+-------------------------------+
; Elapsed Time Per Partition    ;
+----------------+--------------+
; Partition Name ; Elapsed Time ;
+----------------+--------------+
; Top            ; 00:00:01     ;
+----------------+--------------+


+-------------------------------+
; Analysis & Synthesis Messages ;
+-------------------------------+
Info: *******************************************************************
Info: Running Quartus II 64-Bit Analysis & Synthesis
    Info: Version 13.0.1 Build 232 06/12/2013 Service Pack 1 SJ Web Edition
    Info: Processing started: Tue Oct 10 21:28:56 2023
Info: Command: quartus_map --read_settings_files=on --write_settings_files=off CalculadoraDigital4 -c CalculadoraDigital
Warning (20028): Parallel compilation is not licensed and has been disabled
Info (12021): Found 3 design units, including 3 entities, in source file controlador_teclado.sv
    Info (12023): Found entity 1: teclado
    Info (12023): Found entity 2: controlador
    Info (12023): Found entity 3: Debouncer
Info (12021): Found 4 design units, including 4 entities, in source file ula.sv
    Info (12023): Found entity 1: ula
    Info (12023): Found entity 2: mux4
    Info (12023): Found entity 3: demux4_4bits
    Info (12023): Found entity 4: decod_2
Info (12021): Found 1 design units, including 1 entities, in source file maq_estados.bdf
    Info (12023): Found entity 1: maq_estados
Info (12021): Found 1 design units, including 1 entities, in source file decoder7.sv
    Info (12023): Found entity 1: decoder7
Info (12021): Found 1 design units, including 1 entities, in source file calculadoradigital.bdf
    Info (12023): Found entity 1: CalculadoraDigital
Info (12021): Found 1 design units, including 1 entities, in source file reg4bits.bdf
    Info (12023): Found entity 1: reg4bits
Info (12021): Found 2 design units, including 2 entities, in source file transformador_operacao.sv
    Info (12023): Found entity 1: transformador_operacao
    Info (12023): Found entity 2: detectorD
Info (12021): Found 1 design units, including 1 entities, in source file doubledabble.sv
    Info (12023): Found entity 1: doubleDabble
Info (12021): Found 2 design units, including 2 entities, in source file calculomodulo.sv
    Info (12023): Found entity 1: modulo_num
    Info (12023): Found entity 2: inverte
Info (12021): Found 1 design units, including 1 entities, in source file decod_sinal.sv
    Info (12023): Found entity 1: decod_sinal
Warning (12019): Can't analyze file -- file output_files/rom.sv is missing
Warning (10229): Verilog HDL Expression warning at rom.sv(20): truncated literal to match 2 bits
Warning (10229): Verilog HDL Expression warning at rom.sv(21): truncated literal to match 2 bits
Warning (10229): Verilog HDL Expression warning at rom.sv(22): truncated literal to match 2 bits
Warning (10229): Verilog HDL Expression warning at rom.sv(23): truncated literal to match 2 bits
Warning (10229): Verilog HDL Expression warning at rom.sv(24): truncated literal to match 2 bits
Warning (10229): Verilog HDL Expression warning at rom.sv(25): truncated literal to match 2 bits
Warning (10229): Verilog HDL Expression warning at rom.sv(27): truncated literal to match 2 bits
Warning (10229): Verilog HDL Expression warning at rom.sv(28): truncated literal to match 2 bits
Warning (10229): Verilog HDL Expression warning at rom.sv(29): truncated literal to match 2 bits
Warning (10229): Verilog HDL Expression warning at rom.sv(30): truncated literal to match 2 bits
Warning (10229): Verilog HDL Expression warning at rom.sv(32): truncated literal to match 2 bits
Warning (10229): Verilog HDL Expression warning at rom.sv(33): truncated literal to match 2 bits
Warning (10229): Verilog HDL Expression warning at rom.sv(34): truncated literal to match 2 bits
Warning (10229): Verilog HDL Expression warning at rom.sv(35): truncated literal to match 2 bits
Warning (10229): Verilog HDL Expression warning at rom.sv(36): truncated literal to match 2 bits
Info (12021): Found 1 design units, including 1 entities, in source file rom.sv
    Info (12023): Found entity 1: rom
Info (12021): Found 1 design units, including 1 entities, in source file solucao_pro_d.sv
    Info (12023): Found entity 1: seletor_clock
Warning (10236): Verilog HDL Implicit Net warning at Transformador_operacao.sv(19): created implicit net for "eh_num"
Info (12127): Elaborating entity "CalculadoraDigital" for the top level hierarchy
Info (12128): Elaborating entity "teclado" for hierarchy "teclado:inst"
Info (12128): Elaborating entity "controlador" for hierarchy "teclado:inst|controlador:U0"
Info (12128): Elaborating entity "Debouncer" for hierarchy "teclado:inst|controlador:U0|Debouncer:d0"
Info (12128): Elaborating entity "decoder7" for hierarchy "decoder7:bcd_menor"
Info (12128): Elaborating entity "doubleDabble" for hierarchy "doubleDabble:inst6"
Warning (10230): Verilog HDL assignment warning at DoubleDabble.sv(13): truncated value with size 9 to match size of target (8)
Warning (10230): Verilog HDL assignment warning at DoubleDabble.sv(11): truncated value with size 32 to match size of target (4)
Warning (10230): Verilog HDL assignment warning at DoubleDabble.sv(12): truncated value with size 32 to match size of target (4)
Info (12128): Elaborating entity "modulo_num" for hierarchy "modulo_num:inst5"
Info (12128): Elaborating entity "reg4bits" for hierarchy "reg4bits:result_menor"
Info (12128): Elaborating entity "decod_2" for hierarchy "decod_2:inst10"
Info (12128): Elaborating entity "maq_estados" for hierarchy "maq_estados:inst7"
Info (12128): Elaborating entity "seletor_clock" for hierarchy "seletor_clock:inst3"
Info (12128): Elaborating entity "ula" for hierarchy "ula:inst4"
Info (12128): Elaborating entity "mux4" for hierarchy "ula:inst4|mux4:muxUla"
Info (12128): Elaborating entity "demux4_4bits" for hierarchy "demux4_4bits:inst2"
Info (12128): Elaborating entity "transformador_operacao" for hierarchy "transformador_operacao:inst1"
Info (12128): Elaborating entity "decod_sinal" for hierarchy "decod_sinal:inst9"
Warning (19016): Clock multiplexers are found and protected
    Warning (19017): Found clock multiplexer seletor_clock:inst3|WideOr0~synth
Info (278001): Inferred 1 megafunctions from design logic
    Info (278003): Inferred multiplier megafunction ("lpm_mult") from the following logic: "ula:inst4|Mult0"
Info (12130): Elaborated megafunction instantiation "ula:inst4|lpm_mult:Mult0"
Info (12133): Instantiated megafunction "ula:inst4|lpm_mult:Mult0" with the following parameter:
    Info (12134): Parameter "LPM_WIDTHA" = "4"
    Info (12134): Parameter "LPM_WIDTHB" = "4"
    Info (12134): Parameter "LPM_WIDTHP" = "8"
    Info (12134): Parameter "LPM_WIDTHR" = "8"
    Info (12134): Parameter "LPM_WIDTHS" = "1"
    Info (12134): Parameter "LPM_REPRESENTATION" = "UNSIGNED"
    Info (12134): Parameter "INPUT_A_IS_CONSTANT" = "NO"
    Info (12134): Parameter "INPUT_B_IS_CONSTANT" = "NO"
    Info (12134): Parameter "MAXIMIZE_SPEED" = "5"
Info (12021): Found 1 design units, including 1 entities, in source file db/mult_14t.tdf
    Info (12023): Found entity 1: mult_14t
Warning (14284): Synthesized away the following node(s):
    Warning (14285): Synthesized away the following LCELL buffer node(s):
        Warning (14320): Synthesized away node "ula:inst4|lpm_mult:Mult0|mult_14t:auto_generated|le5a[4]"
Info (13014): Ignored 48 buffer(s)
    Info (13016): Ignored 4 CARRY_SUM buffer(s)
    Info (13019): Ignored 44 SOFT buffer(s)
Warning (13034): The following nodes have both tri-state and non-tri-state drivers
    Warning (13035): Inserted always-enabled tri-state buffer between "GPIO_1[21]" and its non-tri-state driver.
    Warning (13035): Inserted always-enabled tri-state buffer between "GPIO_1[19]" and its non-tri-state driver.
    Warning (13035): Inserted always-enabled tri-state buffer between "GPIO_1[17]" and its non-tri-state driver.
    Warning (13035): Inserted always-enabled tri-state buffer between "GPIO_1[15]" and its non-tri-state driver.
Warning (13039): The following bidir pins have no drivers
    Warning (13040): Bidir "GPIO_1" has no driver
    Warning (13040): Bidir "GPIO_1" has no driver
    Warning (13040): Bidir "GPIO_1" has no driver
    Warning (13040): Bidir "GPIO_1" has no driver
    Warning (13040): Bidir "GPIO_1" has no driver
    Warning (13040): Bidir "GPIO_1" has no driver
    Warning (13040): Bidir "GPIO_1" has no driver
    Warning (13040): Bidir "GPIO_1" has no driver
    Warning (13040): Bidir "GPIO_1" has no driver
    Warning (13040): Bidir "GPIO_1" has no driver
    Warning (13040): Bidir "GPIO_1" has no driver
    Warning (13040): Bidir "GPIO_1" has no driver
    Warning (13040): Bidir "GPIO_1" has no driver
    Warning (13040): Bidir "GPIO_1" has no driver
    Warning (13040): Bidir "GPIO_1" has no driver
    Warning (13040): Bidir "GPIO_1" has no driver
    Warning (13040): Bidir "GPIO_1" has no driver
    Warning (13040): Bidir "GPIO_1" has no driver
    Warning (13040): Bidir "GPIO_1" has no driver
    Warning (13040): Bidir "GPIO_1" has no driver
    Warning (13040): Bidir "GPIO_1" has no driver
    Warning (13040): Bidir "GPIO_1" has no driver
    Warning (13040): Bidir "GPIO_1" has no driver
    Warning (13040): Bidir "GPIO_1" has no driver
    Warning (13040): Bidir "GPIO_1" has no driver
    Warning (13040): Bidir "GPIO_1" has no driver
    Warning (13040): Bidir "GPIO_1" has no driver
    Warning (13040): Bidir "GPIO_1" has no driver
    Warning (13040): Bidir "GPIO_1" has no driver
    Warning (13040): Bidir "GPIO_1" has no driver
    Warning (13040): Bidir "GPIO_1" has no driver
    Warning (13040): Bidir "GPIO_1" has no driver
Warning (13009): TRI or OPNDRN buffers permanently enabled
    Warning (13010): Node "GPIO_1~synth"
    Warning (13010): Node "GPIO_1~synth"
    Warning (13010): Node "GPIO_1~synth"
    Warning (13010): Node "GPIO_1~synth"
Warning (13024): Output pins are stuck at VCC or GND
    Warning (13410): Pin "HEX0_DP" is stuck at VCC
    Warning (13410): Pin "HEX1_DP" is stuck at VCC
    Warning (13410): Pin "HEX2_DP" is stuck at VCC
    Warning (13410): Pin "HEX4_DP" is stuck at VCC
    Warning (13410): Pin "HEX3_DP" is stuck at VCC
    Warning (13410): Pin "HEX5_DP" is stuck at VCC
    Warning (13410): Pin "HEX6_DP" is stuck at VCC
    Warning (13410): Pin "HEX7_DP" is stuck at VCC
    Warning (13410): Pin "HEX2[5]" is stuck at VCC
    Warning (13410): Pin "HEX2[4]" is stuck at VCC
    Warning (13410): Pin "HEX2[3]" is stuck at VCC
    Warning (13410): Pin "HEX2[2]" is stuck at VCC
    Warning (13410): Pin "HEX2[1]" is stuck at VCC
    Warning (13410): Pin "HEX2[0]" is stuck at VCC
    Warning (13410): Pin "HEX3[6]" is stuck at VCC
    Warning (13410): Pin "HEX3[5]" is stuck at VCC
    Warning (13410): Pin "HEX3[4]" is stuck at VCC
    Warning (13410): Pin "HEX3[3]" is stuck at VCC
    Warning (13410): Pin "HEX3[2]" is stuck at VCC
    Warning (13410): Pin "HEX3[1]" is stuck at VCC
    Warning (13410): Pin "HEX3[0]" is stuck at VCC
    Warning (13410): Pin "HEX5[6]" is stuck at VCC
    Warning (13410): Pin "HEX5[5]" is stuck at VCC
    Warning (13410): Pin "HEX5[4]" is stuck at VCC
    Warning (13410): Pin "HEX5[3]" is stuck at VCC
    Warning (13410): Pin "HEX5[2]" is stuck at VCC
    Warning (13410): Pin "HEX5[1]" is stuck at VCC
    Warning (13410): Pin "HEX5[0]" is stuck at VCC
    Warning (13410): Pin "HEX7[6]" is stuck at VCC
    Warning (13410): Pin "HEX7[5]" is stuck at VCC
    Warning (13410): Pin "HEX7[4]" is stuck at VCC
    Warning (13410): Pin "HEX7[3]" is stuck at VCC
    Warning (13410): Pin "HEX7[2]" is stuck at VCC
    Warning (13410): Pin "HEX7[1]" is stuck at VCC
    Warning (13410): Pin "HEX7[0]" is stuck at VCC
    Warning (13410): Pin "LEDG[7]" is stuck at GND
    Warning (13410): Pin "LEDG[6]" is stuck at GND
    Warning (13410): Pin "LEDG[5]" is stuck at GND
    Warning (13410): Pin "LEDG[4]" is stuck at GND
    Warning (13410): Pin "LEDG[3]" is stuck at GND
    Warning (13410): Pin "LEDG[2]" is stuck at GND
    Warning (13410): Pin "LEDR[13]" is stuck at GND
    Warning (13410): Pin "LEDR[8]" is stuck at GND
    Warning (13410): Pin "LEDR[7]" is stuck at GND
    Warning (13410): Pin "LEDR[6]" is stuck at GND
    Warning (13410): Pin "LEDR[5]" is stuck at GND
    Warning (13410): Pin "LEDR[4]" is stuck at GND
    Warning (13410): Pin "LEDR[3]" is stuck at GND
    Warning (13410): Pin "LEDR[2]" is stuck at GND
    Warning (13410): Pin "LEDR[1]" is stuck at GND
    Warning (13410): Pin "LEDR[0]" is stuck at GND
Info (16010): Generating hard_block partition "hard_block:auto_generated_inst"
    Info (16011): Adding 0 node(s), including 0 DDIO, 0 PLL, 0 transceiver and 0 LCELL
Info (21057): Implemented 504 device resources after synthesis - the final resource count might be different
    Info (21058): Implemented 2 input pins
    Info (21059): Implemented 91 output pins
    Info (21060): Implemented 36 bidirectional pins
    Info (21061): Implemented 375 logic cells
Info: Quartus II 64-Bit Analysis & Synthesis was successful. 0 errors, 121 warnings
    Info: Peak virtual memory: 4618 megabytes
    Info: Processing ended: Tue Oct 10 21:29:02 2023
    Info: Elapsed time: 00:00:06
    Info: Total CPU time (on all processors): 00:00:04


